<!DOCTYPE html PUBLIC "-//W3C//DTD XHTML 1.1//EN" "https://www.w3.org/TR/xhtml11/DTD/xhtml11.dtd">
<html xmlns="https://www.w3.org/1999/xhtml">
<head>
<meta http-equiv="content-type" content="text/html; charset=UTF-8"/>
<title>TestNG Report</title>
<style type="text/css">table {margin-bottom:10px;border-collapse:collapse;empty-cells:show}th,td {border:1px solid #009;padding:.25em .5em}th {vertical-align:bottom}td {vertical-align:top}table a {font-weight:bold}.stripe td {background-color: #E6EBF9}.num {text-align:right}.passedodd td {background-color: #3F3}.passedeven td {background-color: #0A0}.skippedodd td {background-color: #DDD}.skippedeven td {background-color: #CCC}.failedodd td,.attn {background-color: #F33}.failedeven td,.stripe .attn {background-color: #D00}.stacktrace {white-space:pre;font-family:monospace}.totop {font-size:85%;text-align:center;border-bottom:2px solid #000}.invisible {display:none}</style>
</head>
<body>
<table>
<tr><th>Test</th><th># Passed</th><th># Skipped</th><th># Retried</th><th># Failed</th><th>Time (ms)</th><th>Included Groups</th><th>Excluded Groups</th></tr>
<tr><th colspan="8">All tests</th></tr>
<tr><td><a href="#t0">All tests</a></td><td class="num">6</td><td class="num">0</td><td class="num">0</td><td class="num attn">1</td><td class="num">222Â 619</td><td></td><td></td></tr>
</table>
<table id='summary'><thead><tr><th>Class</th><th>Method</th><th>Start</th><th>Time (ms)</th></tr></thead><tbody><tr><th colspan="4">All tests</th></tr></tbody><tbody id="t0"><tr><th colspan="4">All tests &#8212; failed</th></tr><tr class="failedeven"><td rowspan="1">org.example.test.CalculatorTests</td><td><a href="#m0">checkEqualityCommitmentTerm</a></td><td rowspan="1">1665926972076</td><td rowspan="1">55564</td></tr><tr><th colspan="4">All tests &#8212; passed</th></tr><tr class="passedeven"><td rowspan="5">org.example.test.CalculatorTests</td><td><a href="#m1">checkEqualityInstanceType</a></td><td rowspan="1">1665927028357</td><td rowspan="1">25028</td></tr><tr class="passedeven"><td><a href="#m2">checkEqualityLocalSSD</a></td><td rowspan="1">1665927053857</td><td rowspan="1">26085</td></tr><tr class="passedeven"><td><a href="#m3">checkEqualityRegion</a></td><td rowspan="1">1665927080508</td><td rowspan="1">25113</td></tr><tr class="passedeven"><td><a href="#m4">checkEqualityVMClass</a></td><td rowspan="1">1665927106108</td><td rowspan="1">25683</td></tr><tr class="passedeven"><td><a href="#m5">checkEstimateFromLetter</a></td><td rowspan="1">1665927132303</td><td rowspan="1">34135</td></tr><tr class="passedodd"><td rowspan="1">org.example.test.CostCalculationTest</td><td><a href="#m6">checkEstimateFromCalculatorPage</a></td><td rowspan="1">1665927166943</td><td rowspan="1">26653</td></tr></tbody>
</table>
<h2>All tests</h2><h3 id="m0">org.example.test.CalculatorTests#checkEqualityCommitmentTerm</h3><table class="result"><tr><th>Exception</th></tr><tr><td><div class="stacktrace">org.openqa.selenium.TimeoutException: Expected condition failed: waiting for presence of element located by: By.xpath: //md-select[@placeholder=&apos;GPU type&apos;] (tried for 30 second(s) with 500 milliseconds interval)
	at org.openqa.selenium.support.ui.WebDriverWait.timeoutException(WebDriverWait.java:87)
	at org.openqa.selenium.support.ui.FluentWait.until(FluentWait.java:231)
	at org.example.page.CalculatorPage.fillGPUsValues(CalculatorPage.java:127)
	at org.example.page.CalculatorPage.fillForm(CalculatorPage.java:176)
	at org.example.test.CalculatorTests.checkEqualityCommitmentTerm(CalculatorTests.java:67)
	at java.base/java.util.ArrayList.forEach(ArrayList.java:1511)
Caused by: org.openqa.selenium.NoSuchElementException: no such element: Unable to locate element: {&quot;method&quot;:&quot;xpath&quot;,&quot;selector&quot;:&quot;//md-select[@placeholder=&apos;GPU type&apos;]&quot;}
  (Session info: chrome=106.0.5249.119)
For documentation on this error, please visit: https://selenium.dev/exceptions/#no_such_element
Build info: version: &apos;4.4.0&apos;, revision: &apos;e5c75ed026a&apos;
System info: host: &apos;nastya-IdeaPad-5-Pro-14ACN6&apos;, ip: &apos;127.0.1.1&apos;, os.name: &apos;Linux&apos;, os.arch: &apos;amd64&apos;, os.version: &apos;5.15.0-50-generic&apos;, java.version: &apos;18.0.2.1&apos;
Driver info: org.openqa.selenium.chrome.ChromeDriver
Command: [2b02900ec02ac2bbf47cf4e0516c0c5c, findElement {using=xpath, value=//md-select[@placeholder=&apos;GPU type&apos;]}]
Capabilities {acceptInsecureCerts: false, browserName: chrome, browserVersion: 106.0.5249.119, chrome: {chromedriverVersion: 106.0.5249.61 (511755355844..., userDataDir: /tmp/.com.google.Chrome.kx8OSr}, goog:chromeOptions: {debuggerAddress: localhost:44825}, networkConnectionEnabled: false, pageLoadStrategy: normal, platformName: LINUX, proxy: Proxy(), se:cdp: ws://localhost:44825/devtoo..., se:cdpVersion: 106.0.5249.119, setWindowRect: true, strictFileInteractability: false, timeouts: {implicit: 0, pageLoad: 300000, script: 30000}, unhandledPromptBehavior: dismiss and notify, webauthn:extension:credBlob: true, webauthn:extension:largeBlob: true, webauthn:virtualAuthenticators: true}
Session ID: 2b02900ec02ac2bbf47cf4e0516c0c5c
	at org.openqa.selenium.remote.codec.w3c.W3CHttpResponseCodec.createException(W3CHttpResponseCodec.java:200)
	at org.openqa.selenium.remote.codec.w3c.W3CHttpResponseCodec.decode(W3CHttpResponseCodec.java:133)
	at org.openqa.selenium.remote.codec.w3c.W3CHttpResponseCodec.decode(W3CHttpResponseCodec.java:53)
	at org.openqa.selenium.remote.HttpCommandExecutor.execute(HttpCommandExecutor.java:184)
	at org.openqa.selenium.remote.service.DriverCommandExecutor.invokeExecute(DriverCommandExecutor.java:167)
	at org.openqa.selenium.remote.service.DriverCommandExecutor.execute(DriverCommandExecutor.java:142)
	at org.openqa.selenium.remote.RemoteWebDriver.execute(RemoteWebDriver.java:547)
	at org.openqa.selenium.remote.ElementLocation$ElementFinder$2.findElement(ElementLocation.java:162)
	at org.openqa.selenium.remote.ElementLocation.findElement(ElementLocation.java:60)
	at org.openqa.selenium.remote.RemoteWebDriver.findElement(RemoteWebDriver.java:365)
	at org.openqa.selenium.remote.RemoteWebDriver.findElement(RemoteWebDriver.java:357)
	at org.openqa.selenium.support.ui.ExpectedConditions$6.apply(ExpectedConditions.java:174)
	at org.openqa.selenium.support.ui.ExpectedConditions$6.apply(ExpectedConditions.java:171)
	at org.openqa.selenium.support.ui.FluentWait.until(FluentWait.java:208)
	... 33 more
... Removed 32 stack frames</div></td></tr></table><p class="totop"><a href="#summary">back to summary</a></p>
<h3 id="m1">org.example.test.CalculatorTests#checkEqualityInstanceType</h3><table class="result"><tr><th class="invisible"/></tr></table><p class="totop"><a href="#summary">back to summary</a></p>
<h3 id="m2">org.example.test.CalculatorTests#checkEqualityLocalSSD</h3><table class="result"><tr><th class="invisible"/></tr></table><p class="totop"><a href="#summary">back to summary</a></p>
<h3 id="m3">org.example.test.CalculatorTests#checkEqualityRegion</h3><table class="result"><tr><th class="invisible"/></tr></table><p class="totop"><a href="#summary">back to summary</a></p>
<h3 id="m4">org.example.test.CalculatorTests#checkEqualityVMClass</h3><table class="result"><tr><th class="invisible"/></tr></table><p class="totop"><a href="#summary">back to summary</a></p>
<h3 id="m5">org.example.test.CalculatorTests#checkEstimateFromLetter</h3><table class="result"><tr><th class="invisible"/></tr></table><p class="totop"><a href="#summary">back to summary</a></p>
<h3 id="m6">org.example.test.CostCalculationTest#checkEstimateFromCalculatorPage</h3><table class="result"><tr><th class="invisible"/></tr></table><p class="totop"><a href="#summary">back to summary</a></p>
</body>
</html>
