<?xml version="1.0" encoding="UTF-8"?>
<testng-results ignored="0" total="7" passed="6" failed="1" skipped="0">
  <reporter-output>
  </reporter-output>
  <suite started-at="2022-10-16T16:29:31 MSK" name="All tests" finished-at="2022-10-16T16:33:13 MSK" duration-ms="222619">
    <groups>
    </groups>
    <test started-at="2022-10-16T16:29:31 MSK" name="All tests" finished-at="2022-10-16T16:33:13 MSK" duration-ms="222619">
      <class name="org.example.test.CostCalculationTest">
        <test-method is-config="true" signature="setup()[pri:0, instance:org.example.test.CostCalculationTest@7c469c48]" started-at="2022-10-16T16:32:46 MSK" name="setup" finished-at="2022-10-16T16:32:46 MSK" duration-ms="400" status="PASS">
          <reporter-output>
          </reporter-output>
        </test-method> <!-- setup -->
        <test-method signature="checkEstimateFromCalculatorPage()[pri:0, instance:org.example.test.CostCalculationTest@7c469c48]" started-at="2022-10-16T16:32:46 MSK" name="checkEstimateFromCalculatorPage" finished-at="2022-10-16T16:33:13 MSK" duration-ms="26653" status="PASS">
          <reporter-output>
          </reporter-output>
        </test-method> <!-- checkEstimateFromCalculatorPage -->
        <test-method is-config="true" signature="tearDown()[pri:0, instance:org.example.test.CostCalculationTest@7c469c48]" started-at="2022-10-16T16:33:13 MSK" name="tearDown" finished-at="2022-10-16T16:33:13 MSK" duration-ms="100" status="PASS">
          <reporter-output>
          </reporter-output>
        </test-method> <!-- tearDown -->
      </class> <!-- org.example.test.CostCalculationTest -->
      <class name="org.example.test.CalculatorTests">
        <test-method is-config="true" signature="setup()[pri:0, instance:org.example.test.CalculatorTests@30b7c004]" started-at="2022-10-16T16:29:31 MSK" name="setup" finished-at="2022-10-16T16:29:32 MSK" duration-ms="981" status="PASS">
          <reporter-output>
          </reporter-output>
        </test-method> <!-- setup -->
        <test-method signature="checkEqualityCommitmentTerm()[pri:0, instance:org.example.test.CalculatorTests@30b7c004]" started-at="2022-10-16T16:29:32 MSK" name="checkEqualityCommitmentTerm" finished-at="2022-10-16T16:30:27 MSK" duration-ms="55564" status="FAIL">
          <exception class="org.openqa.selenium.TimeoutException">
            <message>
              <![CDATA[Expected condition failed: waiting for presence of element located by: By.xpath: //md-select[@placeholder='GPU type'] (tried for 30 second(s) with 500 milliseconds interval)]]>
            </message>
            <full-stacktrace>
              <![CDATA[org.openqa.selenium.TimeoutException: Expected condition failed: waiting for presence of element located by: By.xpath: //md-select[@placeholder='GPU type'] (tried for 30 second(s) with 500 milliseconds interval)
at org.openqa.selenium.support.ui.WebDriverWait.timeoutException(WebDriverWait.java:87)
at org.openqa.selenium.support.ui.FluentWait.until(FluentWait.java:231)
at org.example.page.CalculatorPage.fillGPUsValues(CalculatorPage.java:127)
at org.example.page.CalculatorPage.fillForm(CalculatorPage.java:176)
at org.example.test.CalculatorTests.checkEqualityCommitmentTerm(CalculatorTests.java:67)
at java.base/jdk.internal.reflect.DirectMethodHandleAccessor.invoke(DirectMethodHandleAccessor.java:104)
at java.base/java.lang.reflect.Method.invoke(Method.java:577)
at org.testng.internal.invokers.MethodInvocationHelper.invokeMethod(MethodInvocationHelper.java:139)
at org.testng.internal.invokers.TestInvoker.invokeMethod(TestInvoker.java:677)
at org.testng.internal.invokers.TestInvoker.invokeTestMethod(TestInvoker.java:221)
at org.testng.internal.invokers.MethodRunner.runInSequence(MethodRunner.java:50)
at org.testng.internal.invokers.TestInvoker$MethodInvocationAgent.invoke(TestInvoker.java:962)
at org.testng.internal.invokers.TestInvoker.invokeTestMethods(TestInvoker.java:194)
at org.testng.internal.invokers.TestMethodWorker.invokeTestMethods(TestMethodWorker.java:148)
at org.testng.internal.invokers.TestMethodWorker.run(TestMethodWorker.java:128)
at java.base/java.util.ArrayList.forEach(ArrayList.java:1511)
at org.testng.TestRunner.privateRun(TestRunner.java:806)
at org.testng.TestRunner.run(TestRunner.java:601)
at org.testng.SuiteRunner.runTest(SuiteRunner.java:433)
at org.testng.SuiteRunner.runSequentially(SuiteRunner.java:427)
at org.testng.SuiteRunner.privateRun(SuiteRunner.java:387)
at org.testng.SuiteRunner.run(SuiteRunner.java:330)
at org.testng.SuiteRunnerWorker.runSuite(SuiteRunnerWorker.java:52)
at org.testng.SuiteRunnerWorker.run(SuiteRunnerWorker.java:95)
at org.testng.TestNG.runSuitesSequentially(TestNG.java:1256)
at org.testng.TestNG.runSuitesLocally(TestNG.java:1176)
at org.testng.TestNG.runSuites(TestNG.java:1099)
at org.testng.TestNG.run(TestNG.java:1067)
at org.apache.maven.surefire.testng.TestNGExecutor.run(TestNGExecutor.java:324)
at org.apache.maven.surefire.testng.TestNGXmlTestSuite.execute(TestNGXmlTestSuite.java:74)
at org.apache.maven.surefire.testng.TestNGProvider.invoke(TestNGProvider.java:123)
at org.apache.maven.surefire.booter.ForkedBooter.runSuitesInProcess(ForkedBooter.java:456)
at org.apache.maven.surefire.booter.ForkedBooter.execute(ForkedBooter.java:169)
at org.apache.maven.surefire.booter.ForkedBooter.run(ForkedBooter.java:595)
at org.apache.maven.surefire.booter.ForkedBooter.main(ForkedBooter.java:581)
Caused by: org.openqa.selenium.NoSuchElementException: no such element: Unable to locate element: {"method":"xpath","selector":"//md-select[@placeholder='GPU type']"}
  (Session info: chrome=106.0.5249.119)
For documentation on this error, please visit: https://selenium.dev/exceptions/#no_such_element
Build info: version: '4.4.0', revision: 'e5c75ed026a'
System info: host: 'nastya-IdeaPad-5-Pro-14ACN6', ip: '127.0.1.1', os.name: 'Linux', os.arch: 'amd64', os.version: '5.15.0-50-generic', java.version: '18.0.2.1'
Driver info: org.openqa.selenium.chrome.ChromeDriver
Command: [2b02900ec02ac2bbf47cf4e0516c0c5c, findElement {using=xpath, value=//md-select[@placeholder='GPU type']}]
Capabilities {acceptInsecureCerts: false, browserName: chrome, browserVersion: 106.0.5249.119, chrome: {chromedriverVersion: 106.0.5249.61 (511755355844..., userDataDir: /tmp/.com.google.Chrome.kx8OSr}, goog:chromeOptions: {debuggerAddress: localhost:44825}, networkConnectionEnabled: false, pageLoadStrategy: normal, platformName: LINUX, proxy: Proxy(), se:cdp: ws://localhost:44825/devtoo..., se:cdpVersion: 106.0.5249.119, setWindowRect: true, strictFileInteractability: false, timeouts: {implicit: 0, pageLoad: 300000, script: 30000}, unhandledPromptBehavior: dismiss and notify, webauthn:extension:credBlob: true, webauthn:extension:largeBlob: true, webauthn:virtualAuthenticators: true}
Session ID: 2b02900ec02ac2bbf47cf4e0516c0c5c
at java.base/jdk.internal.reflect.DirectConstructorHandleAccessor.newInstance(DirectConstructorHandleAccessor.java:67)
at java.base/java.lang.reflect.Constructor.newInstanceWithCaller(Constructor.java:499)
at java.base/java.lang.reflect.Constructor.newInstance(Constructor.java:483)
at org.openqa.selenium.remote.codec.w3c.W3CHttpResponseCodec.createException(W3CHttpResponseCodec.java:200)
at org.openqa.selenium.remote.codec.w3c.W3CHttpResponseCodec.decode(W3CHttpResponseCodec.java:133)
at org.openqa.selenium.remote.codec.w3c.W3CHttpResponseCodec.decode(W3CHttpResponseCodec.java:53)
at org.openqa.selenium.remote.HttpCommandExecutor.execute(HttpCommandExecutor.java:184)
at org.openqa.selenium.remote.service.DriverCommandExecutor.invokeExecute(DriverCommandExecutor.java:167)
at org.openqa.selenium.remote.service.DriverCommandExecutor.execute(DriverCommandExecutor.java:142)
at org.openqa.selenium.remote.RemoteWebDriver.execute(RemoteWebDriver.java:547)
at org.openqa.selenium.remote.ElementLocation$ElementFinder$2.findElement(ElementLocation.java:162)
at org.openqa.selenium.remote.ElementLocation.findElement(ElementLocation.java:60)
at org.openqa.selenium.remote.RemoteWebDriver.findElement(RemoteWebDriver.java:365)
at org.openqa.selenium.remote.RemoteWebDriver.findElement(RemoteWebDriver.java:357)
at org.openqa.selenium.support.ui.ExpectedConditions$6.apply(ExpectedConditions.java:174)
at org.openqa.selenium.support.ui.ExpectedConditions$6.apply(ExpectedConditions.java:171)
at org.openqa.selenium.support.ui.FluentWait.until(FluentWait.java:208)
... 33 more
]]>
            </full-stacktrace>
          </exception> <!-- org.openqa.selenium.TimeoutException -->
          <reporter-output>
          </reporter-output>
        </test-method> <!-- checkEqualityCommitmentTerm -->
        <test-method is-config="true" signature="tearDown()[pri:0, instance:org.example.test.CalculatorTests@30b7c004]" started-at="2022-10-16T16:30:27 MSK" name="tearDown" finished-at="2022-10-16T16:30:27 MSK" duration-ms="103" status="PASS">
          <reporter-output>
          </reporter-output>
        </test-method> <!-- tearDown -->
        <test-method is-config="true" signature="setup()[pri:0, instance:org.example.test.CalculatorTests@30b7c004]" started-at="2022-10-16T16:30:27 MSK" name="setup" finished-at="2022-10-16T16:30:28 MSK" duration-ms="375" status="PASS">
          <reporter-output>
          </reporter-output>
        </test-method> <!-- setup -->
        <test-method signature="checkEqualityInstanceType()[pri:0, instance:org.example.test.CalculatorTests@30b7c004]" started-at="2022-10-16T16:30:28 MSK" name="checkEqualityInstanceType" finished-at="2022-10-16T16:30:53 MSK" duration-ms="25028" status="PASS">
          <reporter-output>
          </reporter-output>
        </test-method> <!-- checkEqualityInstanceType -->
        <test-method is-config="true" signature="tearDown()[pri:0, instance:org.example.test.CalculatorTests@30b7c004]" started-at="2022-10-16T16:30:53 MSK" name="tearDown" finished-at="2022-10-16T16:30:53 MSK" duration-ms="101" status="PASS">
          <reporter-output>
          </reporter-output>
        </test-method> <!-- tearDown -->
        <test-method is-config="true" signature="setup()[pri:0, instance:org.example.test.CalculatorTests@30b7c004]" started-at="2022-10-16T16:30:53 MSK" name="setup" finished-at="2022-10-16T16:30:53 MSK" duration-ms="369" status="PASS">
          <reporter-output>
          </reporter-output>
        </test-method> <!-- setup -->
        <test-method signature="checkEqualityLocalSSD()[pri:0, instance:org.example.test.CalculatorTests@30b7c004]" started-at="2022-10-16T16:30:53 MSK" name="checkEqualityLocalSSD" finished-at="2022-10-16T16:31:19 MSK" duration-ms="26085" status="PASS">
          <reporter-output>
          </reporter-output>
        </test-method> <!-- checkEqualityLocalSSD -->
        <test-method is-config="true" signature="tearDown()[pri:0, instance:org.example.test.CalculatorTests@30b7c004]" started-at="2022-10-16T16:31:19 MSK" name="tearDown" finished-at="2022-10-16T16:31:20 MSK" duration-ms="101" status="PASS">
          <reporter-output>
          </reporter-output>
        </test-method> <!-- tearDown -->
        <test-method is-config="true" signature="setup()[pri:0, instance:org.example.test.CalculatorTests@30b7c004]" started-at="2022-10-16T16:31:20 MSK" name="setup" finished-at="2022-10-16T16:31:20 MSK" duration-ms="462" status="PASS">
          <reporter-output>
          </reporter-output>
        </test-method> <!-- setup -->
        <test-method signature="checkEqualityRegion()[pri:0, instance:org.example.test.CalculatorTests@30b7c004]" started-at="2022-10-16T16:31:20 MSK" name="checkEqualityRegion" finished-at="2022-10-16T16:31:45 MSK" duration-ms="25113" status="PASS">
          <reporter-output>
          </reporter-output>
        </test-method> <!-- checkEqualityRegion -->
        <test-method is-config="true" signature="tearDown()[pri:0, instance:org.example.test.CalculatorTests@30b7c004]" started-at="2022-10-16T16:31:45 MSK" name="tearDown" finished-at="2022-10-16T16:31:45 MSK" duration-ms="102" status="PASS">
          <reporter-output>
          </reporter-output>
        </test-method> <!-- tearDown -->
        <test-method is-config="true" signature="setup()[pri:0, instance:org.example.test.CalculatorTests@30b7c004]" started-at="2022-10-16T16:31:45 MSK" name="setup" finished-at="2022-10-16T16:31:46 MSK" duration-ms="384" status="PASS">
          <reporter-output>
          </reporter-output>
        </test-method> <!-- setup -->
        <test-method signature="checkEqualityVMClass()[pri:0, instance:org.example.test.CalculatorTests@30b7c004]" started-at="2022-10-16T16:31:46 MSK" name="checkEqualityVMClass" finished-at="2022-10-16T16:32:11 MSK" duration-ms="25683" status="PASS">
          <reporter-output>
          </reporter-output>
        </test-method> <!-- checkEqualityVMClass -->
        <test-method is-config="true" signature="tearDown()[pri:0, instance:org.example.test.CalculatorTests@30b7c004]" started-at="2022-10-16T16:32:11 MSK" name="tearDown" finished-at="2022-10-16T16:32:11 MSK" duration-ms="101" status="PASS">
          <reporter-output>
          </reporter-output>
        </test-method> <!-- tearDown -->
        <test-method is-config="true" signature="setup()[pri:0, instance:org.example.test.CalculatorTests@30b7c004]" started-at="2022-10-16T16:32:11 MSK" name="setup" finished-at="2022-10-16T16:32:12 MSK" duration-ms="409" status="PASS">
          <reporter-output>
          </reporter-output>
        </test-method> <!-- setup -->
        <test-method signature="checkEstimateFromLetter()[pri:0, instance:org.example.test.CalculatorTests@30b7c004]" started-at="2022-10-16T16:32:12 MSK" name="checkEstimateFromLetter" finished-at="2022-10-16T16:32:46 MSK" duration-ms="34135" status="PASS">
          <reporter-output>
          </reporter-output>
        </test-method> <!-- checkEstimateFromLetter -->
        <test-method is-config="true" signature="tearDown()[pri:0, instance:org.example.test.CalculatorTests@30b7c004]" started-at="2022-10-16T16:32:46 MSK" name="tearDown" finished-at="2022-10-16T16:32:46 MSK" duration-ms="100" status="PASS">
          <reporter-output>
          </reporter-output>
        </test-method> <!-- tearDown -->
      </class> <!-- org.example.test.CalculatorTests -->
    </test> <!-- All tests -->
  </suite> <!-- All tests -->
</testng-results>
